# JRE version: Java(TM) SE Runtime Environment (17.0.10+11) (build 17.0.10+11-LTS-240)
# Java VM: Java HotSpot(TM) 64-Bit Server VM (17.0.10+11-LTS-240, mixed mode, emulated-client, sharing, tiered, compressed oops, compressed class ptrs, g1 gc, windows-amd64)
GC Precious Log:
 CPUs: 20 total, 20 available
 Memory: 16072M
 Large Page Support: Disabled
 NUMA Support: Disabled
 Compressed Oops: Enabled (Zero based)
 Heap Region Size: 2M
 Heap Min Capacity: 8M
 Heap Initial Capacity: 252M
 Heap Max Capacity: 4020M
 Pre-touch: Disabled
 Parallel Workers: 15
 Concurrent Workers: 4
 Concurrent Refinement Workers: 15
 Periodic GC: Disabled
Heap:
 garbage-first heap   total 258048K, used 71353K [0x0000000704c00000, 0x0000000800000000)
  region size 2048K, 2 young (4096K), 2 survivors (4096K)
 Metaspace       used 68894K, committed 69440K, reserved 1114112K
  class space    used 9903K, committed 10176K, reserved 1048576K
GC Heap History (20 events):
Event: 3.633 GC heap after
{Heap after GC invocations=10 (full 0):
 garbage-first heap   total 90112K, used 26381K [0x0000000704c00000, 0x0000000800000000)
  region size 2048K, 2 young (4096K), 2 survivors (4096K)
 Metaspace       used 49507K, committed 50048K, reserved 1114112K
  class space    used 6961K, committed 7232K, reserved 1048576K
}
Event: 3.944 GC heap before
{Heap before GC invocations=10 (full 0):
 garbage-first heap   total 90112K, used 65293K [0x0000000704c00000, 0x0000000800000000)
  region size 2048K, 21 young (43008K), 2 survivors (4096K)
 Metaspace       used 59357K, committed 59840K, reserved 1114112K
  class space    used 8535K, committed 8768K, reserved 1048576K
}
Event: 3.946 GC heap after
{Heap after GC invocations=11 (full 0):
 garbage-first heap   total 90112K, used 28452K [0x0000000704c00000, 0x0000000800000000)
  region size 2048K, 2 young (4096K), 2 survivors (4096K)
 Metaspace       used 59357K, committed 59840K, reserved 1114112K
  class space    used 8535K, committed 8768K, reserved 1048576K
}
Event: 3.959 GC heap before
{Heap before GC invocations=11 (full 0):
 garbage-first heap   total 90112K, used 28452K [0x0000000704c00000, 0x0000000800000000)
  region size 2048K, 3 young (6144K), 2 survivors (4096K)
 Metaspace       used 59805K, committed 60288K, reserved 1114112K
  class space    used 8592K, committed 8832K, reserved 1048576K
}
Event: 3.960 GC heap after
{Heap after GC invocations=12 (full 0):
 garbage-first heap   total 90112K, used 28341K [0x0000000704c00000, 0x0000000800000000)
  region size 2048K, 1 young (2048K), 1 survivors (2048K)
 Metaspace       used 59805K, committed 60288K, reserved 1114112K
  class space    used 8592K, committed 8832K, reserved 1048576K
}
Event: 4.225 GC heap before
{Heap before GC invocations=13 (full 0):
 garbage-first heap   total 90112K, used 69301K [0x0000000704c00000, 0x0000000800000000)
  region size 2048K, 21 young (43008K), 1 survivors (2048K)
 Metaspace       used 66041K, committed 66560K, reserved 1114112K
  class space    used 9527K, committed 9792K, reserved 1048576K
}
Event: 4.227 GC heap after
{Heap after GC invocations=14 (full 0):
 garbage-first heap   total 90112K, used 31327K [0x0000000704c00000, 0x0000000800000000)
  region size 2048K, 3 young (6144K), 3 survivors (6144K)
 Metaspace       used 66041K, committed 66560K, reserved 1114112K
  class space    used 9527K, committed 9792K, reserved 1048576K
}
Event: 4.396 GC heap before
{Heap before GC invocations=14 (full 0):
 garbage-first heap   total 90112K, used 66143K [0x0000000704c00000, 0x0000000800000000)
  region size 2048K, 21 young (43008K), 3 survivors (6144K)
 Metaspace       used 68801K, committed 69312K, reserved 1114112K
  class space    used 9889K, committed 10112K, reserved 1048576K
}
Event: 4.400 GC heap after
{Heap after GC invocations=15 (full 0):
 garbage-first heap   total 90112K, used 37692K [0x0000000704c00000, 0x0000000800000000)
  region size 2048K, 3 young (6144K), 3 survivors (6144K)
 Metaspace       used 68801K, committed 69312K, reserved 1114112K
  class space    used 9889K, committed 10112K, reserved 1048576K
}
Event: 4.412 GC heap before
{Heap before GC invocations=15 (full 0):
 garbage-first heap   total 90112K, used 64316K [0x0000000704c00000, 0x0000000800000000)
  region size 2048K, 17 young (34816K), 3 survivors (6144K)
 Metaspace       used 68801K, committed 69312K, reserved 1114112K
  class space    used 9889K, committed 10112K, reserved 1048576K
}
Event: 4.415 GC heap after
{Heap after GC invocations=16 (full 0):
 garbage-first heap   total 108544K, used 44221K [0x0000000704c00000, 0x0000000800000000)
  region size 2048K, 3 young (6144K), 3 survivors (6144K)
 Metaspace       used 68801K, committed 69312K, reserved 1114112K
  class space    used 9889K, committed 10112K, reserved 1048576K
}
Event: 4.459 GC heap before
{Heap before GC invocations=16 (full 0):
 garbage-first heap   total 108544K, used 76989K [0x0000000704c00000, 0x0000000800000000)
  region size 2048K, 20 young (40960K), 3 survivors (6144K)
 Metaspace       used 68894K, committed 69440K, reserved 1114112K
  class space    used 9903K, committed 10176K, reserved 1048576K
}
Event: 4.462 GC heap after
{Heap after GC invocations=17 (full 0):
 garbage-first heap   total 108544K, used 55818K [0x0000000704c00000, 0x0000000800000000)
  region size 2048K, 3 young (6144K), 3 survivors (6144K)
 Metaspace       used 68894K, committed 69440K, reserved 1114112K
  class space    used 9903K, committed 10176K, reserved 1048576K
}
Event: 4.470 GC heap before
{Heap before GC invocations=17 (full 0):
 garbage-first heap   total 108544K, used 76298K [0x0000000704c00000, 0x0000000800000000)
  region size 2048K, 14 young (28672K), 3 survivors (6144K)
 Metaspace       used 68894K, committed 69440K, reserved 1114112K
  class space    used 9903K, committed 10176K, reserved 1048576K
}
Event: 4.472 GC heap after
{Heap after GC invocations=18 (full 0):
 garbage-first heap   total 108544K, used 60607K [0x0000000704c00000, 0x0000000800000000)
  region size 2048K, 2 young (4096K), 2 survivors (4096K)
 Metaspace       used 68894K, committed 69440K, reserved 1114112K
  class space    used 9903K, committed 10176K, reserved 1048576K
}
Event: 4.498 GC heap before
{Heap before GC invocations=19 (full 0):
 garbage-first heap   total 133120K, used 79039K [0x0000000704c00000, 0x0000000800000000)
  region size 2048K, 12 young (24576K), 2 survivors (4096K)
 Metaspace       used 68894K, committed 69440K, reserved 1114112K
  class space    used 9903K, committed 10176K, reserved 1048576K
}
Event: 4.501 GC heap after
{Heap after GC invocations=20 (full 0):
 garbage-first heap   total 133120K, used 67723K [0x0000000704c00000, 0x0000000800000000)
  region size 2048K, 2 young (4096K), 2 survivors (4096K)
 Metaspace       used 68894K, committed 69440K, reserved 1114112K
  class space    used 9903K, committed 10176K, reserved 1048576K
}
Event: 4.502 GC heap before
{Heap before GC invocations=20 (full 0):
 garbage-first heap   total 133120K, used 69771K [0x0000000704c00000, 0x0000000800000000)
  region size 2048K, 3 young (6144K), 2 survivors (4096K)
 Metaspace       used 68894K, committed 69440K, reserved 1114112K
  class space    used 9903K, committed 10176K, reserved 1048576K
}
Event: 4.504 GC heap after
{Heap after GC invocations=21 (full 0):
 garbage-first heap   total 133120K, used 65140K [0x0000000704c00000, 0x0000000800000000)
  region size 2048K, 1 young (2048K), 1 survivors (2048K)
 Metaspace       used 68894K, committed 69440K, reserved 1114112K
  class space    used 9903K, committed 10176K, reserved 1048576K
}
Event: 4.514 GC heap before
{Heap before GC invocations=21 (full 0):
 garbage-first heap   total 133120K, used 93812K [0x0000000704c00000, 0x0000000800000000)
  region size 2048K, 16 young (32768K), 1 survivors (2048K)
 Metaspace       used 68894K, committed 69440K, reserved 1114112K
  class space    used 9903K, committed 10176K, reserved 1048576K
}

