# JRE version: Java(TM) SE Runtime Environment (17.0.10+11) (build 17.0.10+11-LTS-240)
# Java VM: Java HotSpot(TM) 64-Bit Server VM (17.0.10+11-LTS-240, mixed mode, emulated-client, sharing, tiered, compressed oops, compressed class ptrs, g1 gc, windows-amd64)
GC Precious Log:
 CPUs: 20 total, 20 available
 Memory: 16072M
 Large Page Support: Disabled
 NUMA Support: Disabled
 Compressed Oops: Enabled (Zero based)
 Heap Region Size: 2M
 Heap Min Capacity: 8M
 Heap Initial Capacity: 252M
 Heap Max Capacity: 4020M
 Pre-touch: Disabled
 Parallel Workers: 15
 Concurrent Workers: 4
 Concurrent Refinement Workers: 15
 Periodic GC: Disabled
Heap:
 garbage-first heap   total 258048K, used 97735K [0x0000000704c00000, 0x0000000800000000)
  region size 2048K, 3 young (6144K), 3 survivors (6144K)
 Metaspace       used 69393K, committed 69952K, reserved 1114112K
  class space    used 9971K, committed 10240K, reserved 1048576K
GC Heap History (20 events):
Event: 3.207 GC heap after
{Heap after GC invocations=9 (full 0):
 garbage-first heap   total 159744K, used 22976K [0x0000000704c00000, 0x0000000800000000)
  region size 2048K, 3 young (6144K), 3 survivors (6144K)
 Metaspace       used 35641K, committed 36096K, reserved 1114112K
  class space    used 5064K, committed 5312K, reserved 1048576K
}
Event: 3.600 GC heap before
{Heap before GC invocations=10 (full 0):
 garbage-first heap   total 90112K, used 70080K [0x0000000704c00000, 0x0000000800000000)
  region size 2048K, 26 young (53248K), 3 survivors (6144K)
 Metaspace       used 50190K, committed 50688K, reserved 1114112K
  class space    used 7060K, committed 7296K, reserved 1048576K
}
Event: 3.604 GC heap after
{Heap after GC invocations=11 (full 0):
 garbage-first heap   total 90112K, used 26733K [0x0000000704c00000, 0x0000000800000000)
  region size 2048K, 4 young (8192K), 4 survivors (8192K)
 Metaspace       used 50190K, committed 50688K, reserved 1114112K
  class space    used 7060K, committed 7296K, reserved 1048576K
}
Event: 3.904 GC heap before
{Heap before GC invocations=11 (full 0):
 garbage-first heap   total 90112K, used 63597K [0x0000000704c00000, 0x0000000800000000)
  region size 2048K, 23 young (47104K), 4 survivors (8192K)
 Metaspace       used 59810K, committed 60288K, reserved 1114112K
  class space    used 8596K, committed 8832K, reserved 1048576K
}
Event: 3.907 GC heap after
{Heap after GC invocations=12 (full 0):
 garbage-first heap   total 90112K, used 28929K [0x0000000704c00000, 0x0000000800000000)
  region size 2048K, 2 young (4096K), 2 survivors (4096K)
 Metaspace       used 59810K, committed 60288K, reserved 1114112K
  class space    used 8596K, committed 8832K, reserved 1048576K
}
Event: 4.154 GC heap before
{Heap before GC invocations=13 (full 0):
 garbage-first heap   total 90112K, used 67841K [0x0000000704c00000, 0x0000000800000000)
  region size 2048K, 21 young (43008K), 2 survivors (4096K)
 Metaspace       used 65639K, committed 66176K, reserved 1114112K
  class space    used 9479K, committed 9728K, reserved 1048576K
}
Event: 4.156 GC heap after
{Heap after GC invocations=14 (full 0):
 garbage-first heap   total 90112K, used 31189K [0x0000000704c00000, 0x0000000800000000)
  region size 2048K, 3 young (6144K), 3 survivors (6144K)
 Metaspace       used 65639K, committed 66176K, reserved 1114112K
  class space    used 9479K, committed 9728K, reserved 1048576K
}
Event: 4.332 GC heap before
{Heap before GC invocations=14 (full 0):
 garbage-first heap   total 90112K, used 68053K [0x0000000704c00000, 0x0000000800000000)
  region size 2048K, 21 young (43008K), 3 survivors (6144K)
 Metaspace       used 68811K, committed 69312K, reserved 1114112K
  class space    used 9899K, committed 10112K, reserved 1048576K
}
Event: 4.335 GC heap after
{Heap after GC invocations=15 (full 0):
 garbage-first heap   total 90112K, used 36461K [0x0000000704c00000, 0x0000000800000000)
  region size 2048K, 3 young (6144K), 3 survivors (6144K)
 Metaspace       used 68811K, committed 69312K, reserved 1114112K
  class space    used 9899K, committed 10112K, reserved 1048576K
}
Event: 4.348 GC heap before
{Heap before GC invocations=15 (full 0):
 garbage-first heap   total 90112K, used 67181K [0x0000000704c00000, 0x0000000800000000)
  region size 2048K, 19 young (38912K), 3 survivors (6144K)
 Metaspace       used 68811K, committed 69312K, reserved 1114112K
  class space    used 9899K, committed 10112K, reserved 1048576K
}
Event: 4.351 GC heap after
{Heap after GC invocations=16 (full 0):
 garbage-first heap   total 90112K, used 44088K [0x0000000704c00000, 0x0000000800000000)
  region size 2048K, 3 young (6144K), 3 survivors (6144K)
 Metaspace       used 68811K, committed 69312K, reserved 1114112K
  class space    used 9899K, committed 10112K, reserved 1048576K
}
Event: 4.387 GC heap before
{Heap before GC invocations=16 (full 0):
 garbage-first heap   total 90112K, used 64568K [0x0000000704c00000, 0x0000000800000000)
  region size 2048K, 14 young (28672K), 3 survivors (6144K)
 Metaspace       used 68903K, committed 69440K, reserved 1114112K
  class space    used 9912K, committed 10176K, reserved 1048576K
}
Event: 4.390 GC heap after
{Heap after GC invocations=17 (full 0):
 garbage-first heap   total 159744K, used 51709K [0x0000000704c00000, 0x0000000800000000)
  region size 2048K, 2 young (4096K), 2 survivors (4096K)
 Metaspace       used 68903K, committed 69440K, reserved 1114112K
  class space    used 9912K, committed 10176K, reserved 1048576K
}
Event: 4.426 GC heap before
{Heap before GC invocations=17 (full 0):
 garbage-first heap   total 159744K, used 109053K [0x0000000704c00000, 0x0000000800000000)
  region size 2048K, 31 young (63488K), 2 survivors (4096K)
 Metaspace       used 68904K, committed 69440K, reserved 1114112K
  class space    used 9912K, committed 10176K, reserved 1048576K
}
Event: 4.430 GC heap after
{Heap after GC invocations=18 (full 0):
 garbage-first heap   total 159744K, used 66908K [0x0000000704c00000, 0x0000000800000000)
  region size 2048K, 4 young (8192K), 4 survivors (8192K)
 Metaspace       used 68904K, committed 69440K, reserved 1114112K
  class space    used 9912K, committed 10176K, reserved 1048576K
}
Event: 4.448 GC heap before
{Heap before GC invocations=18 (full 0):
 garbage-first heap   total 159744K, used 111964K [0x0000000704c00000, 0x0000000800000000)
  region size 2048K, 27 young (55296K), 4 survivors (8192K)
 Metaspace       used 68904K, committed 69440K, reserved 1114112K
  class space    used 9912K, committed 10176K, reserved 1048576K
}
Event: 4.452 GC heap after
{Heap after GC invocations=19 (full 0):
 garbage-first heap   total 159744K, used 79179K [0x0000000704c00000, 0x0000000800000000)
  region size 2048K, 4 young (8192K), 4 survivors (8192K)
 Metaspace       used 68904K, committed 69440K, reserved 1114112K
  class space    used 9912K, committed 10176K, reserved 1048576K
}
Event: 4.475 GC heap before
{Heap before GC invocations=19 (full 0):
 garbage-first heap   total 159744K, used 113995K [0x0000000704c00000, 0x0000000800000000)
  region size 2048K, 22 young (45056K), 4 survivors (8192K)
 Metaspace       used 68912K, committed 69504K, reserved 1114112K
  class space    used 9914K, committed 10176K, reserved 1048576K
}
Event: 4.478 GC heap after
{Heap after GC invocations=20 (full 0):
 garbage-first heap   total 159744K, used 88257K [0x0000000704c00000, 0x0000000800000000)
  region size 2048K, 3 young (6144K), 3 survivors (6144K)
 Metaspace       used 68912K, committed 69504K, reserved 1114112K
  class space    used 9914K, committed 10176K, reserved 1048576K
}
Event: 4.530 GC heap before
{Heap before GC invocations=20 (full 0):
 garbage-first heap   total 159744K, used 116929K [0x0000000704c00000, 0x0000000800000000)
  region size 2048K, 18 young (36864K), 3 survivors (6144K)
 Metaspace       used 69393K, committed 69952K, reserved 1114112K
  class space    used 9971K, committed 10240K, reserved 1048576K
}

