# JRE version: Java(TM) SE Runtime Environment (17.0.10+11) (build 17.0.10+11-LTS-240)
# Java VM: Java HotSpot(TM) 64-Bit Server VM (17.0.10+11-LTS-240, mixed mode, emulated-client, sharing, tiered, compressed oops, compressed class ptrs, g1 gc, windows-amd64)
GC Precious Log:
 CPUs: 20 total, 20 available
 Memory: 16072M
 Large Page Support: Disabled
 NUMA Support: Disabled
 Compressed Oops: Enabled (Zero based)
 Heap Region Size: 2M
 Heap Min Capacity: 8M
 Heap Initial Capacity: 252M
 Heap Max Capacity: 4020M
 Pre-touch: Disabled
 Parallel Workers: 15
 Concurrent Workers: 4
 Concurrent Refinement Workers: 15
 Periodic GC: Disabled
Heap:
 garbage-first heap   total 120832K, used 75692K [0x0000000704c00000, 0x0000000800000000)
  region size 2048K, 2 young (4096K), 2 survivors (4096K)
 Metaspace       used 68900K, committed 69440K, reserved 1114112K
  class space    used 9909K, committed 10176K, reserved 1048576K
GC Heap History (20 events):
Event: 2.802 GC heap after
{Heap after GC invocations=7 (full 0):
 garbage-first heap   total 159744K, used 18751K [0x0000000704c00000, 0x0000000800000000)
  region size 2048K, 1 young (2048K), 1 survivors (2048K)
 Metaspace       used 26818K, committed 27136K, reserved 1114112K
  class space    used 3658K, committed 3776K, reserved 1048576K
}
Event: 3.245 GC heap before
{Heap before GC invocations=7 (full 0):
 garbage-first heap   total 159744K, used 80191K [0x0000000704c00000, 0x0000000800000000)
  region size 2048K, 32 young (65536K), 1 survivors (2048K)
 Metaspace       used 35640K, committed 36096K, reserved 1114112K
  class space    used 5063K, committed 5312K, reserved 1048576K
}
Event: 3.248 GC heap after
{Heap after GC invocations=8 (full 0):
 garbage-first heap   total 159744K, used 23388K [0x0000000704c00000, 0x0000000800000000)
  region size 2048K, 4 young (8192K), 4 survivors (8192K)
 Metaspace       used 35640K, committed 36096K, reserved 1114112K
  class space    used 5063K, committed 5312K, reserved 1048576K
}
Event: 3.655 GC heap before
{Heap before GC invocations=9 (full 0):
 garbage-first heap   total 96256K, used 72540K [0x0000000704c00000, 0x0000000800000000)
  region size 2048K, 28 young (57344K), 4 survivors (8192K)
 Metaspace       used 50788K, committed 51328K, reserved 1114112K
  class space    used 7140K, committed 7424K, reserved 1048576K
}
Event: 3.659 GC heap after
{Heap after GC invocations=10 (full 0):
 garbage-first heap   total 96256K, used 26996K [0x0000000704c00000, 0x0000000800000000)
  region size 2048K, 2 young (4096K), 2 survivors (4096K)
 Metaspace       used 50788K, committed 51328K, reserved 1114112K
  class space    used 7140K, committed 7424K, reserved 1048576K
}
Event: 3.938 GC heap before
{Heap before GC invocations=10 (full 0):
 garbage-first heap   total 96256K, used 61812K [0x0000000704c00000, 0x0000000800000000)
  region size 2048K, 20 young (40960K), 2 survivors (4096K)
 Metaspace       used 59804K, committed 60288K, reserved 1114112K
  class space    used 8592K, committed 8832K, reserved 1048576K
}
Event: 3.941 GC heap after
{Heap after GC invocations=11 (full 0):
 garbage-first heap   total 96256K, used 29251K [0x0000000704c00000, 0x0000000800000000)
  region size 2048K, 2 young (4096K), 2 survivors (4096K)
 Metaspace       used 59804K, committed 60288K, reserved 1114112K
  class space    used 8592K, committed 8832K, reserved 1048576K
}
Event: 4.197 GC heap before
{Heap before GC invocations=12 (full 0):
 garbage-first heap   total 96256K, used 70211K [0x0000000704c00000, 0x0000000800000000)
  region size 2048K, 22 young (45056K), 2 survivors (4096K)
 Metaspace       used 66049K, committed 66560K, reserved 1114112K
  class space    used 9531K, committed 9792K, reserved 1048576K
}
Event: 4.199 GC heap after
{Heap after GC invocations=13 (full 0):
 garbage-first heap   total 96256K, used 32107K [0x0000000704c00000, 0x0000000800000000)
  region size 2048K, 3 young (6144K), 3 survivors (6144K)
 Metaspace       used 66049K, committed 66560K, reserved 1114112K
  class space    used 9531K, committed 9792K, reserved 1048576K
}
Event: 4.364 GC heap before
{Heap before GC invocations=13 (full 0):
 garbage-first heap   total 96256K, used 68971K [0x0000000704c00000, 0x0000000800000000)
  region size 2048K, 22 young (45056K), 3 survivors (6144K)
 Metaspace       used 68808K, committed 69376K, reserved 1114112K
  class space    used 9896K, committed 10176K, reserved 1048576K
}
Event: 4.368 GC heap after
{Heap after GC invocations=14 (full 0):
 garbage-first heap   total 96256K, used 38700K [0x0000000704c00000, 0x0000000800000000)
  region size 2048K, 3 young (6144K), 3 survivors (6144K)
 Metaspace       used 68808K, committed 69376K, reserved 1114112K
  class space    used 9896K, committed 10176K, reserved 1048576K
}
Event: 4.387 GC heap before
{Heap before GC invocations=14 (full 0):
 garbage-first heap   total 96256K, used 69420K [0x0000000704c00000, 0x0000000800000000)
  region size 2048K, 19 young (38912K), 3 survivors (6144K)
 Metaspace       used 68821K, committed 69376K, reserved 1114112K
  class space    used 9898K, committed 10176K, reserved 1048576K
}
Event: 4.390 GC heap after
{Heap after GC invocations=15 (full 0):
 garbage-first heap   total 116736K, used 44927K [0x0000000704c00000, 0x0000000800000000)
  region size 2048K, 3 young (6144K), 3 survivors (6144K)
 Metaspace       used 68821K, committed 69376K, reserved 1114112K
  class space    used 9898K, committed 10176K, reserved 1048576K
}
Event: 4.427 GC heap before
{Heap before GC invocations=15 (full 0):
 garbage-first heap   total 116736K, used 83839K [0x0000000704c00000, 0x0000000800000000)
  region size 2048K, 23 young (47104K), 3 survivors (6144K)
 Metaspace       used 68900K, committed 69440K, reserved 1114112K
  class space    used 9909K, committed 10176K, reserved 1048576K
}
Event: 4.430 GC heap after
{Heap after GC invocations=16 (full 0):
 garbage-first heap   total 116736K, used 57156K [0x0000000704c00000, 0x0000000800000000)
  region size 2048K, 3 young (6144K), 3 survivors (6144K)
 Metaspace       used 68900K, committed 69440K, reserved 1114112K
  class space    used 9909K, committed 10176K, reserved 1048576K
}
Event: 4.446 GC heap before
{Heap before GC invocations=16 (full 0):
 garbage-first heap   total 116736K, used 83780K [0x0000000704c00000, 0x0000000800000000)
  region size 2048K, 17 young (34816K), 3 survivors (6144K)
 Metaspace       used 68900K, committed 69440K, reserved 1114112K
  class space    used 9909K, committed 10176K, reserved 1048576K
}
Event: 4.449 GC heap after
{Heap after GC invocations=17 (full 0):
 garbage-first heap   total 116736K, used 65299K [0x0000000704c00000, 0x0000000800000000)
  region size 2048K, 3 young (6144K), 3 survivors (6144K)
 Metaspace       used 68900K, committed 69440K, reserved 1114112K
  class space    used 9909K, committed 10176K, reserved 1048576K
}
Event: 4.467 GC heap before
{Heap before GC invocations=17 (full 0):
 garbage-first heap   total 120832K, used 83731K [0x0000000704c00000, 0x0000000800000000)
  region size 2048K, 13 young (26624K), 3 survivors (6144K)
 Metaspace       used 68900K, committed 69440K, reserved 1114112K
  class space    used 9909K, committed 10176K, reserved 1048576K
}
Event: 4.470 GC heap after
{Heap after GC invocations=18 (full 0):
 garbage-first heap   total 120832K, used 70961K [0x0000000704c00000, 0x0000000800000000)
  region size 2048K, 2 young (4096K), 2 survivors (4096K)
 Metaspace       used 68900K, committed 69440K, reserved 1114112K
  class space    used 9909K, committed 10176K, reserved 1048576K
}
Event: 4.478 GC heap before
{Heap before GC invocations=19 (full 0):
 garbage-first heap   total 120832K, used 89393K [0x0000000704c00000, 0x0000000800000000)
  region size 2048K, 12 young (24576K), 2 survivors (4096K)
 Metaspace       used 68900K, committed 69440K, reserved 1114112K
  class space    used 9909K, committed 10176K, reserved 1048576K
}

